[    0.000000] Initializing cgroup subsys cpuset
[    0.000000] Initializing cgroup subsys cpu
[    0.000000] Initializing cgroup subsys cpuacct
[    0.000000] Linux version 4.4.0-210-generic (buildd@lgw01-amd64-037) (gcc version 5.4.0 20160609 (Ubuntu 5.4.0-6ubuntu1~16.04.12) ) #242-Ubuntu SMP Fri Apr 16 09:57:00 UTC 2021 (Ubuntu 4.4.0-210.242-generic 4.4.262)
[    0.000000] KERNEL supported cpus:
[    0.000000]   Intel GenuineIntel
[    0.000000]   AMD AuthenticAMD
[    0.000000]   NSC Geode by NSC
[    0.000000]   Cyrix CyrixInstead
[    0.000000]   Centaur CentaurHauls
[    0.000000]   Transmeta GenuineTMx86
[    0.000000]   Transmeta TransmetaCPU
[    0.000000]   UMC UMC UMC UMC
[    0.000000] x86/fpu: xstate_offset[2]:  576, xstate_sizes[2]:  256
[    0.000000] x86/fpu: Supporting XSAVE feature 0x01: 'x87 floating point registers'
[    0.000000] x86/fpu: Supporting XSAVE feature 0x02: 'SSE registers'
[    0.000000] x86/fpu: Supporting XSAVE feature 0x04: 'AVX registers'
[    0.000000] x86/fpu: Enabled xstate features 0x7, context size is 832 bytes, using 'standard' format.
[    0.000000] e820: BIOS-provided physical RAM map:
[    0.000000] BIOS-e820: [mem 0x0000000000000000-0x000000000009fbff] usable
[    0.000000] BIOS-e820: [mem 0x000000000009fc00-0x000000000009ffff] reserved
[    0.000000] BIOS-e820: [mem 0x00000000000f0000-0x00000000000fffff] reserved
[    0.000000] BIOS-e820: [mem 0x0000000000100000-0x000000003ffeffff] usable
[    0.000000] BIOS-e820: [mem 0x000000003fff0000-0x000000003fffffff] ACPI data
[    0.000000] BIOS-e820: [mem 0x00000000fec00000-0x00000000fec00fff] reserved
[    0.000000] BIOS-e820: [mem 0x00000000fee00000-0x00000000fee00fff] reserved
[    0.000000] BIOS-e820: [mem 0x00000000fffc0000-0x00000000ffffffff] reserved
[    0.000000] NX (Execute Disable) protection: active
[    0.000000] SMBIOS 2.5 present.
[    0.000000] Hypervisor detected: KVM
[    0.000000] e820: last_pfn = 0x3fff0 max_arch_pfn = 0x1000000
[    0.000000] MTRR: Disabled
[    0.000000] x86/PAT: MTRRs disabled, skipping PAT initialization too.
[    0.000000] CPU MTRRs all blank - virtualized system.
[    0.000000] x86/PAT: Configuration [0-7]: WB  WT  UC- UC  WB  WT  UC- UC  
[    0.000000] found SMP MP-table at [mem 0x0009fff0-0x0009ffff] mapped at [c009fff0]
[    0.000000] Scanning 1 areas for low memory corruption
[    0.000000] RAMDISK: [mem 0x363a4000-0x371c9fff]
[    0.000000] ACPI: Early table checksum verification disabled
[    0.000000] ACPI: RSDP 0x00000000000E0000 000024 (v02 VBOX  )
[    0.000000] ACPI: XSDT 0x000000003FFF0030 00003C (v01 VBOX   VBOXXSDT 00000001 ASL  00000061)
[    0.000000] ACPI: FACP 0x000000003FFF00F0 0000F4 (v04 VBOX   VBOXFACP 00000001 ASL  00000061)
[    0.000000] ACPI: DSDT 0x000000003FFF0470 002325 (v02 VBOX   VBOXBIOS 00000002 INTL 20100528)
[    0.000000] ACPI: FACS 0x000000003FFF0200 000040
[    0.000000] ACPI: FACS 0x000000003FFF0200 000040
[    0.000000] ACPI: APIC 0x000000003FFF0240 00005C (v02 VBOX   VBOXAPIC 00000001 ASL  00000061)
[    0.000000] ACPI: SSDT 0x000000003FFF02A0 0001CC (v01 VBOX   VBOXCPUT 00000002 INTL 20100528)
[    0.000000] 131MB HIGHMEM available.
[    0.000000] 891MB LOWMEM available.
[    0.000000]   mapped low ram: 0 - 37bfe000
[    0.000000]   low ram: 0 - 37bfe000
[    0.000000] kvm-clock: Using msrs 4b564d01 and 4b564d00
[    0.000000] kvm-clock: cpu 0, msr 0:37bfd001, primary cpu clock
[    0.000000] kvm-clock: using sched offset of 4203301192 cycles
[    0.000000] clocksource: kvm-clock: mask: 0xffffffffffffffff max_cycles: 0x1cd42e4dffb, max_idle_ns: 881590591483 ns
[    0.000000] Zone ranges:
[    0.000000]   DMA      [mem 0x0000000000001000-0x0000000000ffffff]
[    0.000000]   Normal   [mem 0x0000000001000000-0x0000000037bfdfff]
[    0.000000]   HighMem  [mem 0x0000000037bfe000-0x000000003ffeffff]
[    0.000000] Movable zone start for each node
[    0.000000] Early memory node ranges
[    0.000000]   node   0: [mem 0x0000000000001000-0x000000000009efff]
[    0.000000]   node   0: [mem 0x0000000000100000-0x000000003ffeffff]
[    0.000000] Initmem setup node 0 [mem 0x0000000000001000-0x000000003ffeffff]
[    0.000000] Using APIC driver default
[    0.000000] ACPI: PM-Timer IO Port: 0x4008
[    0.000000] IOAPIC[0]: apic_id 2, version 32, address 0xfec00000, GSI 0-23
[    0.000000] ACPI: INT_SRC_OVR (bus 0 bus_irq 0 global_irq 2 dfl dfl)
[    0.000000] ACPI: INT_SRC_OVR (bus 0 bus_irq 9 global_irq 9 low level)
[    0.000000] Using ACPI (MADT) for SMP configuration information
[    0.000000] smpboot: Allowing 2 CPUs, 0 hotplug CPUs
[    0.000000] PM: Registered nosave memory: [mem 0x00000000-0x00000fff]
[    0.000000] PM: Registered nosave memory: [mem 0x0009f000-0x0009ffff]
[    0.000000] PM: Registered nosave memory: [mem 0x000a0000-0x000effff]
[    0.000000] PM: Registered nosave memory: [mem 0x000f0000-0x000fffff]
[    0.000000] e820: [mem 0x40000000-0xfebfffff] available for PCI devices
[    0.000000] Booting paravirtualized kernel on KVM
[    0.000000] clocksource: refined-jiffies: mask: 0xffffffff max_cycles: 0xffffffff, max_idle_ns: 7645519600211568 ns
[    0.000000] setup_percpu: NR_CPUS:8 nr_cpumask_bits:8 nr_cpu_ids:2 nr_node_ids:1
[    0.000000] PERCPU: Embedded 18 pages/cpu @f6380000 s42956 r0 d30772 u73728
[    0.000000] Built 1 zonelists in Zone order, mobility grouping on.  Total pages: 259800
[    0.000000] Kernel command line: BOOT_IMAGE=/boot/vmlinuz-4.4.0-210-generic root=LABEL=cloudimg-rootfs ro console=tty1 console=ttyS0
[    0.000000] PID hash table entries: 4096 (order: 2, 16384 bytes)
[    0.000000] Dentry cache hash table entries: 131072 (order: 7, 524288 bytes)
[    0.000000] Inode-cache hash table entries: 65536 (order: 6, 262144 bytes)
[    0.000000] Initializing CPU#0
[    0.000000] Initializing HighMem for node 0 (00037bfe:0003fff0)
[    0.000000] Initializing Movable for node 0 (00000000:00000000)
[    0.000000] Memory: 1008264K/1048120K available (8151K kernel code, 787K rwdata, 3216K rodata, 944K init, 724K bss, 39856K reserved, 0K cma-reserved, 135112K highmem)
[    0.000000] virtual kernel memory layout:
[    0.000000]     fixmap  : 0xfff15000 - 0xfffff000   ( 936 kB)
[    0.000000]     pkmap   : 0xffc00000 - 0xffe00000   (2048 kB)
[    0.000000]     vmalloc : 0xf83fe000 - 0xffbfe000   ( 120 MB)
[    0.000000]     lowmem  : 0xc0000000 - 0xf7bfe000   ( 891 MB)
[    0.000000]       .init : 0xc1be2000 - 0xc1cce000   ( 944 kB)
[    0.000000]       .data : 0xc17f61b8 - 0xc1be0d40   (4010 kB)
[    0.000000]       .text : 0xc1000000 - 0xc17f61b8   (8152 kB)
[    0.000000] Checking if this processor honours the WP bit even in supervisor mode...Ok.
[    0.000000] SLUB: HWalign=64, Order=0-3, MinObjects=0, CPUs=2, Nodes=1
[    0.000000] Hierarchical RCU implementation.
[    0.000000] 	Build-time adjustment of leaf fanout to 32.
[    0.000000] 	RCU restricting CPUs from NR_CPUS=8 to nr_cpu_ids=2.
[    0.000000] RCU: Adjusting geometry for rcu_fanout_leaf=32, nr_cpu_ids=2
[    0.000000] NR_IRQS:2304 nr_irqs:440 16
[    0.000000] Console: colour VGA+ 80x25
[    0.000000] console [tty1] enabled
[    0.000000] console [ttyS0] enabled
[    0.000000] allocated 1048576 bytes of page_ext
[    0.000000] tsc: Detected 2419.202 MHz processor
[    0.294836] Calibrating delay loop (skipped) preset value.. 4838.40 BogoMIPS (lpj=9676808)
[    0.297694] pid_max: default: 32768 minimum: 301
[    0.299508] ACPI: Core revision 20150930
[    0.302690] ACPI: 2 ACPI AML tables successfully acquired and loaded
[    0.304217] Security Framework initialized
[    0.306068] Yama: becoming mindful.
[    0.308168] AppArmor: AppArmor initialized
[    0.310051] Mount-cache hash table entries: 2048 (order: 1, 8192 bytes)
[    0.312170] Mountpoint-cache hash table entries: 2048 (order: 1, 8192 bytes)
[    0.315227] Initializing cgroup subsys io
[    0.316766] Initializing cgroup subsys memory
[    0.318307] Initializing cgroup subsys devices
[    0.319216] Initializing cgroup subsys freezer
[    0.320606] Initializing cgroup subsys net_cls
[    0.322442] Initializing cgroup subsys perf_event
[    0.324078] Initializing cgroup subsys net_prio
[    0.325872] Initializing cgroup subsys hugetlb
[    0.327503] Initializing cgroup subsys pids
[    0.339741] mce: CPU supports 0 MCE banks
[    0.342229] Last level iTLB entries: 4KB 0, 2MB 0, 4MB 0
[    0.344022] Last level dTLB entries: 4KB 0, 2MB 0, 4MB 0, 1GB 0
[    0.345955] Spectre V1 : Mitigation: usercopy/swapgs barriers and __user pointer sanitization
[    0.349956] Spectre V2 : Mitigation: Full generic retpoline
[    0.351825] Spectre V2 : Spectre v2 / SpectreRSB mitigation: Filling RSB on context switch
[    0.355177] Speculative Store Bypass: Vulnerable
[    0.365095] Freeing SMP alternatives memory: 36K
[    0.379462] ftrace: allocating 31668 entries in 62 pages
[    0.523931] smpboot: APIC(0) Converting physical 0 to logical package 0
[    0.525717] smpboot: Max logical packages: 1
[    0.527102] Enabling APIC mode:  Flat.  Using 1 I/O APICs
[    0.530706] ..TIMER: vector=0x30 apic1=0 pin1=2 apic2=-1 pin2=-1
[    0.640617] smpboot: CPU0: 11th Gen Intel(R) Core(TM) i5-1135G7 @ 2.40GHz (family: 0x6, model: 0x8c, stepping: 0x1)
[    0.644693] Performance Events: unsupported p6 CPU model 140 no PMU driver, software events only.
[    0.666264] KVM setup paravirtual spinlock
[    0.669743] x86: Booting SMP configuration:
[    0.671695] .... node  #0, CPUs:      #1
[1266874885.506250] Initializing CPU#1
[    0.674808] kvm-clock: cpu 1, msr 0:37bfd041, secondary cpu clock
[    0.687980] mce: CPU supports 0 MCE banks
[    0.691010] x86: Booted up 1 node, 2 CPUs
[    0.693100] smpboot: Total of 2 processors activated (9676.80 BogoMIPS)
[    0.696189] devtmpfs: initialized
[    0.698014] evm: security.selinux
[    0.699451] evm: security.SMACK64
[    0.700888] evm: security.SMACK64EXEC
[    0.702365] evm: security.SMACK64TRANSMUTE
[    0.703920] evm: security.SMACK64MMAP
[    0.705340] evm: security.ima
[    0.706569] evm: security.capability
[    0.708395] clocksource: jiffies: mask: 0xffffffff max_cycles: 0xffffffff, max_idle_ns: 7645041785100000 ns
[    0.711651] futex hash table entries: 512 (order: 3, 32768 bytes)
[    0.713912] pinctrl core: initialized pinctrl subsystem
[    0.715960] RTC time:  0:37:41, date: 07/04/22
[    0.717910] NET: Registered protocol family 16
[    0.719896] EISA bus registered
[    0.733735] cpuidle: using governor ladder
[    0.745524] cpuidle: using governor menu
[    0.747481] PCCT header not found.
[    0.749329] ACPI: bus type PCI registered
[    0.750998] acpiphp: ACPI Hot Plug PCI Controller Driver version: 0.5
[    0.754248] PCI : PCI BIOS area is rw and x. Use pci=nobios if you want it NX.
[    0.757337] PCI: PCI BIOS revision 2.10 entry at 0xfda26, last bus=0
[    0.759865] PCI: Using configuration type 1 for base access
[    0.775269] ACPI: Added _OSI(Module Device)
[    0.777192] ACPI: Added _OSI(Processor Device)
[    0.779067] ACPI: Added _OSI(3.0 _SCP Extensions)
[    0.780861] ACPI: Added _OSI(Processor Aggregator Device)
[    0.784009] ACPI: Executed 1 blocks of module-level executable AML code
[    0.790174] ACPI: Interpreter enabled
[    0.791468] ACPI: (supports S0 S5)
[    0.792812] ACPI: Using IOAPIC for interrupt routing
[    0.794681] PCI: Using host bridge windows from ACPI; if necessary, use "pci=nocrs" and report a bug
[    0.823297] ACPI: PCI Root Bridge [PCI0] (domain 0000 [bus 00-ff])
[    0.825031] acpi PNP0A03:00: _OSC: OS supports [ASPM ClockPM Segments MSI]
[    0.827369] acpi PNP0A03:00: _OSC: not requesting OS control; OS requires [ExtendedConfig ASPM ClockPM MSI]
[    0.830050] acpi PNP0A03:00: fail to add MMCONFIG information, can't access extended PCI configuration space under this bridge.
[    0.833816] PCI host bridge to bus 0000:00
[    0.835329] pci_bus 0000:00: root bus resource [io  0x0000-0x0cf7 window]
[    0.836897] pci_bus 0000:00: root bus resource [io  0x0d00-0xffff window]
[    0.839236] pci_bus 0000:00: root bus resource [mem 0x000a0000-0x000bffff window]
[    0.841532] pci_bus 0000:00: root bus resource [mem 0x40000000-0xfdffffff window]
[    0.843910] pci_bus 0000:00: root bus resource [bus 00-ff]
[    0.848492] pci 0000:00:01.1: legacy IDE quirk: reg 0x10: [io  0x01f0-0x01f7]
[    0.850265] pci 0000:00:01.1: legacy IDE quirk: reg 0x14: [io  0x03f6]
[    0.852109] pci 0000:00:01.1: legacy IDE quirk: reg 0x18: [io  0x0170-0x0177]
[    0.854164] pci 0000:00:01.1: legacy IDE quirk: reg 0x1c: [io  0x0376]
[    0.875142] pci 0000:00:07.0: quirk: [io  0x4000-0x403f] claimed by PIIX4 ACPI
[    0.877418] pci 0000:00:07.0: quirk: [io  0x4100-0x410f] claimed by PIIX4 SMB
[    0.886575] ACPI: PCI Interrupt Link [LNKA] (IRQs 5 9 10 *11)
[    0.889329] ACPI: PCI Interrupt Link [LNKB] (IRQs 5 9 *10 11)
[    0.891894] ACPI: PCI Interrupt Link [LNKC] (IRQs 5 *9 10 11)
[    0.894546] ACPI: PCI Interrupt Link [LNKD] (IRQs 5 9 10 *11)
[    0.897217] ACPI: Enabled 2 GPEs in block 00 to 07
[    0.899313] vgaarb: setting as boot device: PCI:0000:00:02.0
[    0.900998] vgaarb: device added: PCI:0000:00:02.0,decodes=io+mem,owns=io+mem,locks=none
[    0.903471] vgaarb: loaded
[    0.904386] vgaarb: bridge control possible 0000:00:02.0
[    0.906468] SCSI subsystem initialized
[    0.907878] ACPI: bus type USB registered
[    0.909213] usbcore: registered new interface driver usbfs
[    0.910801] usbcore: registered new interface driver hub
[    0.912276] usbcore: registered new device driver usb
[    0.914227] PCI: Using ACPI for IRQ routing
[    0.915960] NetLabel: Initializing
[    0.917045] NetLabel:  domain hash size = 128
[    0.918523] NetLabel:  protocols = UNLABELED CIPSOv4
[    0.919947] NetLabel:  unlabeled traffic allowed by default
[    0.921930] amd_nb: Cannot enumerate AMD northbridges
[    0.923640] clocksource: Switched to clocksource kvm-clock
[    0.946119] AppArmor: AppArmor Filesystem Enabled
[    0.947694] pnp: PnP ACPI init
[    0.950106] pnp: PnP ACPI: found 3 devices
[    0.951458] PnPBIOS: Disabled by ACPI PNP
[    0.998730] clocksource: acpi_pm: mask: 0xffffff max_cycles: 0xffffff, max_idle_ns: 2085701024 ns
[    1.001401] NET: Registered protocol family 2
[    1.003020] TCP established hash table entries: 8192 (order: 3, 32768 bytes)
[    1.004942] TCP bind hash table entries: 8192 (order: 4, 65536 bytes)
[    1.006998] TCP: Hash tables configured (established 8192 bind 8192)
[    1.008941] UDP hash table entries: 512 (order: 2, 16384 bytes)
[    1.010696] UDP-Lite hash table entries: 512 (order: 2, 16384 bytes)
[    1.012634] NET: Registered protocol family 1
[    1.014109] pci 0000:00:00.0: Limiting direct PCI/PCI transfers
[    1.015927] pci 0000:00:01.0: Activating ISA DMA hang workarounds
[    1.018186] Unpacking initramfs...
[    1.572886] Freeing initrd memory: 14488K
[    1.574280] clocksource: tsc: mask: 0xffffffffffffffff max_cycles: 0x22df12c5959, max_idle_ns: 440795242016 ns
[    1.577304] platform rtc_cmos: registered platform RTC device (no PNP device found)
[    1.579595] Scanning for low memory corruption every 60 seconds
[    1.582214] audit: initializing netlink subsys (disabled)
[    1.583560] audit: type=2000 audit(1656895068.315:1): initialized
[    1.585181] Initialise system trusted keyring
[    1.587001] HugeTLB registered 2 MB page size, pre-allocated 0 pages
[    1.591358] zbud: loaded
[    1.593218] VFS: Disk quotas dquot_6.6.0
[    1.594916] VFS: Dquot-cache hash table entries: 1024 (order 0, 4096 bytes)
[    1.598331] squashfs: version 4.0 (2009/01/31) Phillip Lougher
[    1.601254] fuse init (API version 7.23)
[    1.603390] Key type big_key registered
[    1.605277] Allocating IMA MOK and blacklist keyrings.
[    1.611016] Key type asymmetric registered
[    1.612986] Asymmetric key parser 'x509' registered
[    1.614928] bounce: pool size: 64 pages
[    1.617293] Block layer SCSI generic (bsg) driver version 0.4 loaded (major 249)
[    1.620227] io scheduler noop registered
[    1.621776] io scheduler deadline registered (default)
[    1.623557] io scheduler cfq registered
[    1.625231] pci_hotplug: PCI Hot Plug PCI Core version: 0.5
[    1.627122] pciehp: PCI Express Hot Plug Controller Driver version: 0.4
[    1.629648] ACPI: AC Adapter [AC] (off-line)
[    1.631309] input: Power Button as /devices/LNXSYSTM:00/LNXPWRBN:00/input/input0
[    1.634133] ACPI: Power Button [PWRF]
[    1.635704] input: Sleep Button as /devices/LNXSYSTM:00/LNXSLPBN:00/input/input1
[    1.638356] ACPI: Sleep Button [SLPF]
[    1.640217] GHES: HEST is not enabled!
[    1.641469] ACPI: Battery Slot [BAT0] (battery present)
[    1.643304] isapnp: Scanning for PnP cards...
[    1.643317] Serial: 8250/16550 driver, 32 ports, IRQ sharing enabled
[    1.665714] 00:02: ttyS0 at I/O 0x3f8 (irq = 4, base_baud = 115200) is a 16550A
[    1.674875] Linux agpgart interface v0.103
[    1.686730] loop: module loaded
[    1.689820] scsi host0: ata_piix
[    1.691776] scsi host1: ata_piix
[    1.693877] ata1: PATA max UDMA/33 cmd 0x1f0 ctl 0x3f6 bmdma 0xd000 irq 14
[    1.696844] ata2: PATA max UDMA/33 cmd 0x170 ctl 0x376 bmdma 0xd008 irq 15
[    1.700862] libphy: Fixed MDIO Bus: probed
[    1.702698] tun: Universal TUN/TAP device driver, 1.6
[    1.704861] tun: (C) 1999-2004 Max Krasnyansky <maxk@qualcomm.com>
[    1.707362] PPP generic driver version 2.4.2
[    1.709280] ehci_hcd: USB 2.0 'Enhanced' Host Controller (EHCI) Driver
[    1.711718] ehci-pci: EHCI PCI platform driver
[    1.713576] ehci-platform: EHCI generic platform driver
[    1.715700] ohci_hcd: USB 1.1 'Open' Host Controller (OHCI) Driver
[    1.718018] ohci-pci: OHCI PCI platform driver
[    1.719882] ohci-platform: OHCI generic platform driver
[    1.721908] uhci_hcd: USB Universal Host Controller Interface driver
[    1.724151] i8042: PNP: PS/2 Controller [PNP0303:PS2K,PNP0f03:PS2M] at 0x60,0x64 irq 1,12
[    1.728622] serio: i8042 KBD port at 0x60,0x64 irq 1
[    1.730596] serio: i8042 AUX port at 0x60,0x64 irq 12
[    1.732863] mousedev: PS/2 mouse device common for all mice
[    1.736185] input: AT Translated Set 2 keyboard as /devices/platform/i8042/serio0/input/input2
[    1.739970] rtc_cmos rtc_cmos: rtc core: registered rtc_cmos as rtc0
[    1.742455] rtc_cmos rtc_cmos: alarms up to one day, 114 bytes nvram
[    1.744863] i2c /dev entries driver
[    1.746554] device-mapper: uevent: version 1.0.3
[    1.748624] device-mapper: ioctl: 4.34.0-ioctl (2015-10-28) initialised: dm-devel@redhat.com
[    1.752099] platform eisa.0: Probing EISA bus 0
[    1.753940] platform eisa.0: EISA: Cannot allocate resource for mainboard
[    1.756436] platform eisa.0: Cannot allocate resource for EISA slot 1
[    1.758814] platform eisa.0: Cannot allocate resource for EISA slot 2
[    1.761223] platform eisa.0: Cannot allocate resource for EISA slot 3
[    1.763571] platform eisa.0: Cannot allocate resource for EISA slot 4
[    1.766022] platform eisa.0: Cannot allocate resource for EISA slot 5
[    1.768543] platform eisa.0: Cannot allocate resource for EISA slot 6
[    1.770913] platform eisa.0: Cannot allocate resource for EISA slot 7
[    1.773422] platform eisa.0: Cannot allocate resource for EISA slot 8
[    1.775331] platform eisa.0: EISA: Detected 0 cards
[    1.776985] cpufreq-nforce2: No nForce2 chipset.
[    1.778854] ledtrig-cpu: registered to indicate activity on CPUs
[    1.781661] NET: Registered protocol family 10
[    1.783943] NET: Registered protocol family 17
[    1.785355] Key type dns_resolver registered
[    1.787024] Using IPI No-Shortcut mode
[    1.789023] registered taskstats version 1
[    1.790808] Loading compiled-in X.509 certificates
[    1.797138] Loaded X.509 cert 'Build time autogenerated kernel key: 20ac0ed02049a72ce76c079ea50dd43d3ac5969c'
[    1.801130] zswap: loaded using pool lzo/zbud
[    1.806031] Key type trusted registered
[    1.813109] Key type encrypted registered
[    1.815132] AppArmor: AppArmor sha1 policy hashing enabled
[    1.818010] ima: No TPM chip found, activating TPM-bypass!
[    1.820432] ima: Allocated hash algorithm: sha1
[    1.822493] evm: HMAC attrs: 0x1
[    1.824627]   Magic number: 14:881:606
[    1.826511] rtc_cmos rtc_cmos: setting system clock to 2022-07-04 00:37:43 UTC (1656895063)
[    1.830275] BIOS EDD facility v0.16 2004-Jun-25, 0 devices found
[    1.832624] EDD information not available.
[    2.052734] isapnp: No Plug & Play device found
[    2.054758] Freeing unused kernel memory: 944K
[    2.573521] Write protecting the kernel text: 8156k
[    2.576846] Write protecting the kernel read-only data: 3220k
[    2.580584] NX-protecting the kernel data: 6180k
Loading, please wait...
starting version 229
[    2.612618] random: systemd-udevd: uninitialized urandom read (16 bytes read, 4 bits of entropy available)
[    2.614307] random: udevadm: uninitialized urandom read (16 bytes read, 4 bits of entropy available)
[    2.623462] random: systemd-udevd: uninitialized urandom read (16 bytes read, 4 bits of entropy available)
[    2.628855] random: systemd-udevd: uninitialized urandom read (16 bytes read, 4 bits of entropy available)
[    2.642596] random: systemd-udevd: uninitialized urandom read (16 bytes read, 4 bits of entropy available)
[    2.647174] random: udevadm: uninitialized urandom read (16 bytes read, 4 bits of entropy available)
[    2.651627] random: udevadm: uninitialized urandom read (16 bytes read, 4 bits of entropy available)
[    2.674517] random: udevadm: uninitialized urandom read (16 bytes read, 4 bits of entropy available)
[    2.678568] random: udevadm: uninitialized urandom read (16 bytes read, 4 bits of entropy available)
[    2.682214] random: udevadm: uninitialized urandom read (16 bytes read, 4 bits of entropy available)
[    2.753354] e1000: Intel(R) PRO/1000 Network Driver - version 7.3.21-k8-NAPI
[    2.757248] e1000: Copyright (c) 1999-2006 Intel Corporation.
[    2.790505] Fusion MPT base driver 3.04.20
[    2.792954] Copyright (c) 1999-2008 LSI Corporation
[    2.882133] Fusion MPT SPI Host driver 3.04.20
[    3.002124] input: ImExPS/2 Generic Explorer Mouse as /devices/platform/i8042/serio1/input/input4
[    3.240203] e1000 0000:00:03.0 eth0: (PCI:33MHz:32-bit) 02:4c:f1:9f:ae:47
[    3.242880] e1000 0000:00:03.0 eth0: Intel(R) PRO/1000 Network Connection
[    3.247627] mptbase: ioc0: Initiating bringup
[    3.251591] e1000 0000:00:03.0 enp0s3: renamed from eth0
[    3.312369] ioc0: LSI53C1030 A0: Capabilities={Initiator}
[    3.479241] scsi host2: ioc0: LSI53C1030 A0, FwRev=00000000h, Ports=1, MaxQ=256, IRQ=20
[    3.593001] scsi 2:0:0:0: Direct-Access     VBOX     HARDDISK         1.0  PQ: 0 ANSI: 5
[    3.597103] scsi target2:0:0: Beginning Domain Validation
[    3.605985] scsi target2:0:0: Domain Validation skipping write tests
[    3.608588] scsi target2:0:0: Ending Domain Validation
[    3.610858] scsi target2:0:0: asynchronous
[    3.614441] scsi 2:0:1:0: Direct-Access     VBOX     HARDDISK         1.0  PQ: 0 ANSI: 5
[    3.617248] scsi target2:0:1: Beginning Domain Validation
[    3.624329] scsi target2:0:1: Domain Validation skipping write tests
[    3.626147] scsi target2:0:1: Ending Domain Validation
[    3.628119] scsi target2:0:1: asynchronous
[    3.640773] sd 2:0:0:0: Attached scsi generic sg0 type 0
[    3.643093] sd 2:0:0:0: [sda] 83886080 512-byte logical blocks: (42.9 GB/40.0 GiB)
[    3.645819] sd 2:0:1:0: Attached scsi generic sg1 type 0
[    3.646126] sd 2:0:1:0: [sdb] 20480 512-byte logical blocks: (10.5 MB/10.0 MiB)
[    3.646626] sd 2:0:1:0: [sdb] Write Protect is off
[    3.646851] sd 2:0:1:0: [sdb] Incomplete mode parameter data
[    3.646855] sd 2:0:1:0: [sdb] Assuming drive cache: write through
[    3.652042] sd 2:0:0:0: [sda] Write Protect is off
[    3.652243] sd 2:0:0:0: [sda] Incomplete mode parameter data
[    3.652246] sd 2:0:0:0: [sda] Assuming drive cache: write through
[    3.656241]  sda: sda1
[    3.657972] sd 2:0:0:0: [sda] Attached SCSI disk
[    3.658230] sd 2:0:1:0: [sdb] Attached SCSI disk
Begin: Loading essential drivers ... [    5.286712] md: linear personality registered for level -1
[    5.296641] md: multipath personality registered for level -4
[    5.305505] md: raid0 personality registered for level 0
[    5.317766] md: raid1 personality registered for level 1
[    5.399719] raid6: mmxx1    gen()  3094 MB/s
[    5.467709] raid6: mmxx2    gen()  3238 MB/s
[    5.535704] raid6: sse1x1   gen()  2408 MB/s
[    5.603769] raid6: sse1x2   gen()  2021 MB/s
[    5.671768] raid6: sse2x1   gen()  4920 MB/s
[    5.739669] raid6: sse2x1   xor()  4407 MB/s
[    5.807694] raid6: sse2x2   gen()  8057 MB/s
[    5.875675] raid6: sse2x2   xor()  5362 MB/s
[    5.943679] raid6: avx2x1   gen() 12388 MB/s
[    6.011761] raid6: avx2x2   gen() 14314 MB/s
[    6.013464] raid6: using algorithm avx2x2 gen() 14314 MB/s
[    6.015555] raid6: using avx2x1 recovery algorithm
[    6.023735] xor: automatically using best checksumming function:
[    6.063716]    avx       : 10415.000 MB/sec
[    6.070837] async_tx: api initialized (async)
[    6.112645] md: raid6 personality registered for level 6
[    6.115159] md: raid5 personality registered for level 5
[    6.118079] md: raid4 personality registered for level 4
[    6.136675] md: raid10 personality registered for level 10
done.
Begin: Running /scripts/init-premount ... done.
Begin: Mounting root file system ... Begin: Running /scripts/local-top ... done.
Begin: Running /scripts/local-premount ... [    6.210417] Btrfs loaded
Scanning for Btrfs filesystems
done.
Warning: fsck not present, so skipping root file system
[    6.265169] EXT4-fs (sda1): mounted filesystem with ordered data mode. Opts: (null)
done.
Begin: Running /scripts/local-bottom ... done.
Begin: Running /scripts/init-bottom ... done.
[    6.406735] systemd[1]: systemd 229 running in system mode. (+PAM +AUDIT +SELINUX +IMA +APPARMOR +SMACK +SYSVINIT +UTMP +LIBCRYPTSETUP +GCRYPT +GNUTLS +ACL +XZ -LZ4 +SECCOMP +BLKID +ELFUTILS +KMOD -IDN)
[    6.412766] systemd[1]: Detected virtualization oracle.
[    6.414575] systemd[1]: Detected architecture x86.

Welcome to [1mUbuntu 16.04.7 LTS[0m!

[    6.420584] systemd[1]: Set hostname to <ubuntu>.
[    6.424809] systemd[1]: Initializing machine ID from random generator.
[    6.427260] systemd[1]: Installed transient /etc/machine-id file.
[    6.653847] systemd[1]: Listening on LVM2 metadata daemon socket.
[[0;32m  OK  [0m] Listening on LVM2 metadata daemon socket.
[    6.664460] systemd[1]: Reached target Swap.
[[0;32m  OK  [0m] Reached target Swap.
[    6.667525] systemd[1]: Listening on Journal Socket (/dev/log).
[[0;32m  OK  [0m] Listening on Journal Socket (/dev/log).
[    6.671214] systemd[1]: Listening on Journal Socket.
[[0;32m  OK  [0m] Listening on Journal Socket.
[    6.680276] systemd[1]: Set up automount Arbitrary Executable File Formats File System Automount Point.
[[0;32m  OK  [0m] Set up automount Arbitrary Executab...ats File System Automount Point.
[    6.686694] systemd[1]: Listening on LVM2 poll daemon socket.
[[0;32m  OK  [0m] Listening on LVM2 poll daemon socket.
[    6.690589] systemd[1]: Listening on udev Control Socket.
[[0;32m  OK  [0m] Listening on udev Control Socket.
[    6.694478] systemd[1]: Created slice System Slice.
[[0;32m  OK  [0m] Created slice System Slice.
[    6.716247] systemd[1]: Starting Create list of required static device nodes for the current kernel...
         Starting Create list of required st... nodes for the current kernel...
[    6.725382] systemd[1]: Mounting POSIX Message Queue File System...
         Mounting POSIX Message Queue File System...
[    6.730358] systemd[1]: Listening on fsck to fsckd communication Socket.
[[0;32m  OK  [0m] Listening on fsck to fsckd communication Socket.
[    6.737302] systemd[1]: Starting File System Check on Root Device...
         Starting File System Check on Root Device...
[    6.742489] systemd[1]: Starting Nameserver information manager...
         Starting Nameserver information manager...
[    6.746034] systemd[1]: Listening on Journal Audit Socket.
[[0;32m  OK  [0m] Listening on Journal Audit Socket.
[    6.749777] systemd[1]: Reached target User and Group Name Lookups.
[[0;32m  OK  [0m] Reached target User and Group Name Lookups.
[    6.754992] systemd[1]: Reached target Encrypted Volumes.
[[0;32m  OK  [0m] Reached target Encrypted Volumes.
[    6.760660] systemd[1]: Mounting Huge Pages File System...
         Mounting Huge Pages File System...
[    6.768435] systemd[1]: Starting Load Kernel Modules...
         Starting Load Kernel Modules...
[    6.776180] systemd[1]: Listening on Syslog Socket.
[[0;32m  OK  [0m] Listening on Syslog Socket.
[    6.780444] systemd[1]: Starting Journal Service...
         Starting Journal Service...
[    6.785244] systemd[1]: Starting Uncomplicated firewall...
         Starting Uncomplicated firewall...
[    6.793880] systemd[1]: Starting Set console keymap...
[    6.794938] Loading iSCSI transport class v2.0-870.
         Starting Set console keymap...
[    6.802444] systemd[1]: Listening on Device-mapper event daemon FIFOs.
[[0;32m  OK  [0m] Listening on Device-mapper event daemon FIFOs.
[    6.807040] systemd[1]: Starting Monitoring of LVM2 mirrors, snapshots etc. using dmeventd or progress polling...
         Starting Monitoring of LVM2 mirrors... dmeventd or progress polling...
[    6.812775] systemd[1]: Listening on /dev/initctl Compatibility Named Pipe.
[[0;32m  OK  [0m] Listening on /dev/initctl Compatibility Named Pipe.
[    6.817266] systemd[1]: Started Forward Password Requests to Wall Directory Watch.
[[0;32m  OK  [0m] Started Forward Password Requests to Wall Directory Watch.
[    6.826966] systemd[1]: Listening on udev Kernel Socket.
[[0;32m  OK  [0m] Listening on udev Kernel Socket.
[    6.830230] systemd[1]: Created slice User and Session Slice.
[[0;32m  OK  [0m] Created slice User and Session Slice.
[    6.833144] systemd[1]: Reached target Slices.
[[0;32m  OK  [0m] Reached target Slices.
[    6.835787] systemd[1]: Started Trigger resolvconf update for networkd DNS.
[[0;32m  OK  [0m] Started Trigger resolvconf update for networkd DNS.
[    6.844648] systemd[1]: Created slice system-serial\x2dgetty.slice.
[[0;32m  OK  [0m] Created slice system-serial\x2dgetty.slice.
[    6.869410] iscsi: registered transport (tcp)
[    6.871852] systemd[1]: Mounting Debug File System...
         Mounting Debug File System...
[    6.876102] systemd[1]: Reached target System Time Synchronized.
[[0;32m  OK  [0m] Reached target System Time Synchronized.
[    6.888106] systemd[1]: Mounted Huge Pages File System.
[[0;32m  OK  [0m] Mounted Huge Pages File System.
[    6.896108] systemd[1]: Mounted POSIX Message Queue File System.
[[0;32m  OK  [0m] Mounted POSIX Message Queue File System.
[    6.900855] systemd[1]: Mounted Debug File System.
[[0;32m  OK  [0m] Mounted Debug File System.
[    6.908542] systemd[1]: Started Journal Service.
[[0;32m  OK  [0m] Started Journal Service.
[[0;32m  OK  [0m] Started Create list of required sta...ce nodes for the current kernel.
[[0;32m  OK  [0m] Started File System Check on Root Device.
[[0;32m  OK  [0m] Started Uncomplicated firewall.
[[0;32m  OK  [0m] Started Set console keymap.
[[0;32m  OK  [0m] Started Nameserver information manager.
[[0;32m  OK  [0m] Started File System Check Daemon to report status.
[[0;32m  OK  [0m] Started LVM2 metadata daemon.
         Starting Remount Root and Kernel File Systems...
         Starting Create Static Device Nodes in /dev...
[    7.011844] EXT4-fs (sda1): re-mounted. Opts: (null)
[[0;32m  OK  [0m] Started Remount Root and Kernel File Systems.
         Starting Flush Journal to Persistent Storage...
         Starting Load/Save Random Seed...
[    7.028998] iscsi: registered transport (iser)
         Starting udev Coldplug all Devices...
[[0;32m  OK  [0m] Started Load Kernel Modules.
[[0;32m  OK  [0m] Started Create Static Device Nodes in /dev.
[[0;32m  OK  [0m] Started Load/Save Random Seed.
         Starting udev Kernel Device Manager...
         Starting Apply Kernel Variables...
[    7.061177] random: nonblocking pool is initialized
         Mounting FUSE Control File System...
[[0;32m  OK  [0m] Mounted FUSE Control File System.
[[0;32m  OK  [0m] Started Apply Kernel Variables.
[[0;32m  OK  [0m] Started Flush Journal to Persistent Storage.
[[0;32m  OK  [0m] Started udev Kernel Device Manager.
[[0;32m  OK  [0m] Started udev Coldplug all Devices.
[[0;32m  OK  [0m] Started Dispatch Password Requests to Console Directory Watch.
[[0;32m  OK  [0m] Started Monitoring of LVM2 mirrors,...ng dmeventd or progress polling.
[[0;32m  OK  [0m] Reached target Local File Systems (Pre).
[[0;32m  OK  [0m] Reached target Local File Systems.
         Starting Create Volatile Files and Directories...
         Starting Commit a transient machine-id on disk...
         Starting Initial cloud-init job (pre-networking)...
         Starting LSB: AppArmor initialization...
         Starting Set console font and keymap...
         Starting Tell Plymouth To Write Out Runtime Data...
[[0;32m  OK  [0m] Started Create Volatile Files and Directories.
[[0;32m  OK  [0m] Started Tell Plymouth To Write Out Runtime Data.
[[0;32m  OK  [0m] Started Commit a transient machine-id on disk.
         Starting Update UTMP about System Boot/Shutdown...
[[0;32m  OK  [0m] Started Update UTMP about System Boot/Shutdown.
[[0;32m  OK  [0m] Found device /dev/ttyS0.
[[0;32m  OK  [0m] Listening on Load/Save RF Kill Switch Status /dev/rfkill Watch.
[[0;32m  OK  [0m] Started LSB: AppArmor initialization.
[    9.828584] cloud-init[501]: Cloud-init v. 21.1-19-gbad84ad4-0ubuntu1~16.04.2 running 'init-local' at Mon, 04 Jul 2022 00:37:50 +0000. Up 8.87 seconds.
         Starting Load AppArmor profiles managed internally by snapd...
[[0;32m  OK  [0m] Started Initial cloud-init job (pre-networking).
[[0;32m  OK  [0m] Started Load AppArmor profiles managed internally by snapd.
[[0;32m  OK  [0m] Reached target Network (Pre).
         Starting Raise network interfaces...
[[0;32m  OK  [0m] Started Set console font and keymap.
[[0;32m  OK  [0m] Created slice system-getty.slice.
[[0;32m  OK  [0m] Started Raise network interfaces.
[[0;32m  OK  [0m] Reached target Network.
         Starting Initial cloud-init job (metadata service crawler)...
[   13.035553] cloud-init[951]: Cloud-init v. 21.1-19-gbad84ad4-0ubuntu1~16.04.2 running 'init' at Mon, 04 Jul 2022 00:37:53 +0000. Up 11.18 seconds.
[   13.038394] cloud-init[951]: ci-info: ++++++++++++++++++++++++++++++++++++++Net device info++++++++++++++++++++++++++++++++++++++
[   13.040996] cloud-init[951]: ci-info: +--------+------+----------------------------+---------------+--------+-------------------+
[   13.044209] cloud-init[951]: ci-info: | Device |  Up  |          Address           |      Mask     | Scope  |     Hw-Address    |
[   13.046181] cloud-init[951]: ci-info: +--------+------+----------------------------+---------------+--------+-------------------+
[   13.052638] cloud-init[951]: ci-info: | enp0s3 | True |         10.0.2.15          | 255.255.255.0 | global | 02:4c:f1:9f:ae:47 |
[   13.060978] cloud-init[951]: ci-info: | enp0s3 | True | fe80::4c:f1ff:fe9f:ae47/64 |       .       |  link  | 02:4c:f1:9f:ae:47 |
[   13.063969] cloud-init[951]: ci-info: |   lo   | True |         127.0.0.1          |   255.0.0.0   |  host  |         .         |
[   13.066786] cloud-init[951]: ci-info: |   lo   | True |          ::1/128           |       .       |  host  |         .         |
[   13.069200] cloud-init[951]: ci-info: +--------+------+----------------------------+---------------+--------+-------------------+
[   13.071367] cloud-init[951]: ci-info: +++++++++++++++++++++++++++Route IPv4 info++++++++++++++++++++++++++++
[   13.073680] cloud-init[951]: ci-info: +-------+-------------+----------+---------------+-----------+-------+
[   13.076237] cloud-init[951]: ci-info: | Route | Destination | Gateway  |    Genmask    | Interface | Flags |
[   13.080624] cloud-init[951]: ci-info: +-------+-------------+----------+---------------+-----------+-------+
[   13.083403] cloud-init[951]: ci-info: |   0   |   0.0.0.0   | 10.0.2.2 |    0.0.0.0    |   enp0s3  |   UG  |
[   13.092724] cloud-init[951]: ci-info: |   1   |   10.0.2.0  | 0.0.0.0  | 255.255.255.0 |   enp0s3  |   U   |
[   13.095641] cloud-init[951]: ci-info: +-------+-------------+----------+---------------+-----------+-------+
[   13.098582] cloud-init[951]: ci-info: +++++++++++++++++++Route IPv6 info+++++++++++++++++++
[   13.101765] cloud-init[951]: ci-info: +-------+-------------+---------+-----------+-------+
[   13.105791] cloud-init[951]: ci-info: | Route | Destination | Gateway | Interface | Flags |
[   13.109798] cloud-init[951]: ci-info: +-------+-------------+---------+-----------+-------+
[   13.113898] cloud-init[951]: ci-info: |   0   |  fe80::/64  |    ::   |   enp0s3  |   U   |
[   13.119823] cloud-init[951]: ci-info: |   3   |   ff00::/8  |    ::   |   enp0s3  |   U   |
[   13.123158] cloud-init[951]: ci-info: +-------+-------------+---------+-----------+-------+[[0;32m  OK  [0m] Started Initial cloud-init job (metadata service crawler).
[[0;32m  OK  [0m
] [   13.128375] cloud-init[951]: Generating public/private rsa key pair.
[   13.128562] cloud-init[951]: Your identification has been saved in /etc/ssh/ssh_host_rsa_key.
Reached target System Initialization.
[   13.129330] [[0;32m  OK  [0m] Started Message of the Day.
[[0;32m  OK  [0m] Listening on UUID daemon activation socket.
[[0;32m  OK  [0m] Started Daily apt download activities.
         Starting Socket activation for snappy daemon.
[[0;32m  OK  [0m] Listening on D-Bus System Message Bus Socket.
[[0;32m  OK  [0m] Started Ubuntu Advantage update messaging.
[[0;32m  OK  [0m] Started Daily apt upgrade and clean activities.
         Starting LXD - unix socket.
cloud-init[[0;32m  OK  [0m] Started ACPI Events Check.
[[0;32m  OK  [0m] Reached target Paths.
[[0;32m  OK  [0m] Started Daily Cleanup of Temporary Directories.
[[0;32m  OK  [0m] Reached target Timers.
[[0;32m  OK  [0m] Listening on ACPID Listen Socket.
[[0;32m  OK  [0m] Reached target Network is Online.
[951]: Your public key has been saved in /etc/ssh/ssh_host_rsa_key.pub.
[   13.150305] cloud-init[951]: The key fingerprint is:
[   13.152252] cloud-init[951]: SHA256:SIgW4tAh+uiwZNOwOdnrn75m+Ebd0wCADy2+VQaoFmw root@ubuntu-xenial
[   13.154271] cloud-init[951]: The key's randomart image is:
[   13.156681] cloud-init[951]: +---[RSA 2048]----+
[   13.159053] cloud-init[951]: |=.o.+oo          |         Starting iSCSI initiator daemon (iscsid)...
[[0;32m  OK  [0m] Reached target Cloud-config availability.

[[0;32m  OK  [0m] Listening on Socket activation for snappy daemon.
[[0;32m  OK  [0m] Listening on LXD - unix socket.
[[0;32m  OK  [0m] Reached target Sockets.
[[0;32m  OK  [0m] Reached target Basic System.
         Starting LSB: MD monitoring daemon...
[   13.163730] [[0;32m  OK  [0m] Started D-Bus System Message Bus.
cloud-init[951]: |+E.B o +         |
[   13.178958] cloud-init[951]: |oo* = + .        |
[   13.180592] cloud-init[951]: | *B. + . .       |
[   13.182201] cloud-init[951]: |+O.oo o S o      |
[   13.184133] cloud-init[951]: |=.o... . o .     |
[   13.186123] cloud-init[951]: |.. .o     .      |
[   13.187441] cloud-init[951]: |  .. +.          |
[   13.188782] cloud-init[951]: |   .B*.          |
[   13.190166] cloud-init[951]: +----[SHA256]-----+
[   13.191581] cloud-init[951]: Generating public/private dsa key pair.
[   13.193873] cloud-init[951]: Your identification has been saved in /etc/ssh/ssh_host_dsa_key.
[   13.196445] cloud-init[951]: Your public key has been saved in /etc/ssh/ssh_host_dsa_key.pub.
[   13.200377] cloud-init[951]: The key fingerprint is:
[   13.202122] cloud-init[951]: SHA256:g0ehGy0fgmXXQ4AnBswTZ+JgieBVWIzy20NIXjxEVoU root@ubuntu-xenial
[   13.204913] cloud-init[951]: The key's randomart image is:
[   13.206845] cloud-init[951]: +---[DSA 1024]----+
[   13.208677] cloud-init[951]: |o.o=&O*o*=.      |
[   13.210464] cloud-init[951]: |ooo*=%+E..o      |
[   13.212372] cloud-init[951]: | .= =o*o+  .     |
[   13.214385] cloud-init[951]: |   + . O .       |
[   13.220434] cloud-init[951]: |    + o S        |
[   13.228362] cloud-init[951]: |   . o . .       |
[   13.230216] cloud-init[951]: |      .          |
[   13.236495] cloud-init[951]: |                 |
[   13.238125] cloud-init[951]: |                 |
[   13.239882] cloud-init[951]: +----[SHA256]-----+
[   13.242160] cloud-init[951]: Generating public/private ecdsa key pair.
[   13.245276] cloud-init[951]: Your identification has been saved in /etc/ssh/ssh_host_ecdsa_key.
[   13.248628] cloud-init[951]: Your public key has been saved in /etc/ssh/ssh_host_ecdsa_key.pub.
[   13.250733] cloud-init[951]: The key fingerprint is:
[   13.256914] cloud-init[951]: SHA256:gMybtsFNGe+dI6a5lsi8n+4Mv9RC17ivha5BmWTU69s root@ubuntu-xenial
[   13.259107] cloud-init[951]: The key's randomart image is:
         Starting Pollinate to seed the pseudo random number generator...
         Starting LXD - container startup/shutdown...
[   13.264614] cloud-init[951]: +---[ECDSA 256]---+
[   13.273984] cloud-init[951]: |      o.         |
[   13.275824] cloud-init[951]: |   o o +.        |
[   13.279084] cloud-init[951]: |    + * ..       |
[   13.279460] cloud-init[951]: |   . B =.+ .     |
[   13.281035] cloud-init[951]: |    * *.S =      |
[   13.281534] cloud-init[951]: |   . = *.+ .     |
[   13.282376] cloud-init[951]: |   oo.*.+o.      |
[   13.283219] cloud-init[951]: |    +=o*.oE      |
[   13.284197] cloud-init[951]: |    .*@oo..      |
[   13.284949] cloud-init[951]: +----[SHA256]-----+
[   13.285692] cloud-init[951]: Generating public/private ed25519 key pair.
[   13.286477] cloud-init[951]: Your identification has been saved in /etc/ssh/ssh_host_ed25519_key.
[   13.287254] cloud-init[951]: Your public key has been saved in /etc/ssh/ssh_host_ed25519_key.pub.
[   13.288088] cloud-init[951]: The key fingerprint is:
[   13.288798] cloud-init[951]: SHA256:TJGXUW6P/Q0GWqiVCIZ3frXz4KI6IoEm1BKXqRhjeZ0 root@ubuntu-xenial
[   13.289551] cloud-init[951]: The key's randomart image is:
[   13.290339] cloud-init[951]: +--[ED25519 256]--+
[   13.291144] cloud-init[951]: |  . +.+ ...+.    |
[   13.291967] cloud-init[951]: |o+ =.E..ooo+.    |
[   13.292789] cloud-init[951]: |oo*  . oo.+.=.   |
[   13.293558] cloud-init[951]: |.+ .   o.o.++=   |
[   13.294315] cloud-init[951]: |...     S....+=  |
[   13.295087] cloud-init[951]: |o..       . ...o.|
[   13.295901] cloud-init[951]: |o  .     . .    o|
[   13.297097] cloud-init[951]: |  . . . .        |
[   13.298541] cloud-init[951]: |   . ..o         |
[   13.299004] cloud-init[951]: +----[SHA256]-----+
[[0;32m  OK  [0m] Started Regular background program processing daemon.
[[0;32m  OK  [0m] Started ACPI event daemon.
         Starting Accounts Service...
         Starting Login Service...
         Starting Virtualbox guest utils...
         Starting /etc/rc.local Compatibility...
[[0;32m  OK  [0m] Started Deferred execution scheduler.
         Starting LSB: Record successful boot for GRUB...
[[0;32m  OK  [0m] Started FUSE filesystem for LXC.
         Starting Snap Daemon...
         Starting System Logging Service...
[[0;32m  OK  [0m] Started /etc/rc.local Compatibility.
[[0;32m  OK  [0m] Started iSCSI initiator daemon (iscsid).
         Starting Login to default iSCSI targets...
[[0;32m  OK  [0m] Started System Logging Service.
[[0;32m  OK  [0m] Started Login Service.
[[0;32m  OK  [0m] Started Unattended Upgrades Shutdown.
[[0;32m  OK  [0m] Started LXD - container startup/shutdown.
[[0;32m  OK  [0m] Started LSB: MD monitoring daemon.
[[0;32m  OK  [0m] Started LSB: Record successful boot for GRUB.
[[0;32m  OK  [0m] Started Login to default iSCSI targets.
[[0;32m  OK  [0m] Reached target Remote File Systems (Pre).
[[0;32m  OK  [0m] Reached target Remote File Systems.
         Starting LSB: automatic crash report generation...
         Starting LSB: daemon to balance interrupts for SMP systems...
         Starting LSB: Set the CPU Frequency Scaling governor to "ondemand"...
         Starting Permit User Sessions...
         Starting Authenticate and Authorize Users to Run Privileged Tasks...
[[0;32m  OK  [0m] Started Permit User Sessions.
         Starting Terminate Plymouth Boot Screen...
         Starting Hold until boot process finishes up...
[[0;32m  OK  [0m] Started Terminate Plymouth Boot Screen.
[[0;32m  OK  [0m] Started Hold until boot process finishes up.
[[0;32m  OK  [0m] Started Getty on tty1.
[[0;32m  OK  [0m] Started Serial Getty on ttyS0.
[[0;32m  OK  [0m] Reached target Login Prompts.
         Starting Set console scheme...
[[0;32m  OK  [0m] Started LSB: automatic crash report generation.
[[0;32m  OK  [0m] Started Set console scheme.
[[0;32m  OK  [0m] Started Authenticate and Authorize Users to Run Privileged Tasks.
[[0;32m  OK  [0m] Started Accounts Service.
[[0;32m  OK  [0m] Started LSB: Set the CPU Frequency Scaling governor to "ondemand".
[[0;32m  OK  [0m] Started Virtualbox guest utils.
[[0;32m  OK  [0m] Started LSB: daemon to balance interrupts for SMP systems.
[[0;32m  OK  [0m] Started Snap Daemon.
         Starting Wait until snapd is fully seeded...
[[0;32m  OK  [0m] Started Pollinate to seed the pseudo random number generator.
         Starting OpenBSD Secure Shell server...
[[0;32m  OK  [0m] Started OpenBSD Secure Shell server.
[[0;32m  OK  [0m] Created slice User Slice of vagrant.
         Starting User Manager for UID 1000...
[[0;32m  OK  [0m] Started Session 1 of user vagrant.
[[0;32m  OK  [0m] Started User Manager for UID 1000.
[[0;32m  OK  [0m] Started Wait until snapd is fully seeded.
         Starting Apply the settings specified in cloud-config...
[[0;32m  OK  [0m] Reached target Multi-User System.
[[0;32m  OK  [0m] Reached target Graphical Interface.
         Starting Update UTMP about System Runlevel Changes...
[[0;32m  OK  [0m] Started Update UTMP about System Runlevel Changes.
[   17.803684] cloud-init[1434]: Generating locales (this might take a while)...
[   19.174811] cloud-init[1434]:   en_US.UTF-8... done
[   19.176417] cloud-init[1434]: Generation complete.
[   19.764513] cloud-init[1434]: Cloud-init v. 21.1-19-gbad84ad4-0ubuntu1~16.04.2 running 'modules:config' at Mon, 04 Jul 2022 00:37:59 +0000. Up 17.56 seconds.

Ubuntu 16.04.7 LTS ubuntu-xenial ttyS0

ubuntu-xenial login: ci-info: no authorized SSH keys fingerprints found for user ubuntu.
<14>Jul  4 00:38:02 ec2: 
<14>Jul  4 00:38:02 ec2: #############################################################
<14>Jul  4 00:38:02 ec2: -----BEGIN SSH HOST KEY FINGERPRINTS-----
<14>Jul  4 00:38:02 ec2: 1024 SHA256:g0ehGy0fgmXXQ4AnBswTZ+JgieBVWIzy20NIXjxEVoU root@ubuntu-xenial (DSA)
<14>Jul  4 00:38:02 ec2: 256 SHA256:gMybtsFNGe+dI6a5lsi8n+4Mv9RC17ivha5BmWTU69s root@ubuntu-xenial (ECDSA)
<14>Jul  4 00:38:02 ec2: 256 SHA256:TJGXUW6P/Q0GWqiVCIZ3frXz4KI6IoEm1BKXqRhjeZ0 root@ubuntu-xenial (ED25519)
<14>Jul  4 00:38:02 ec2: 2048 SHA256:SIgW4tAh+uiwZNOwOdnrn75m+Ebd0wCADy2+VQaoFmw root@ubuntu-xenial (RSA)
<14>Jul  4 00:38:02 ec2: -----END SSH HOST KEY FINGERPRINTS-----
<14>Jul  4 00:38:02 ec2: #############################################################
-----BEGIN SSH HOST KEY KEYS-----
ecdsa-sha2-nistp256 AAAAE2VjZHNhLXNoYTItbmlzdHAyNTYAAAAIbmlzdHAyNTYAAABBBPRBnKi15MQ+VDosYbCif/Dzt/b0qtL+BaPjkqT8BeMQIRVVhkImo9jyf9C3F8xL9BwIW4lK4B6YAKnr7ty/4C0= root@ubuntu-xenial
ssh-ed25519 AAAAC3NzaC1lZDI1NTE5AAAAIJuO8H9aOTtWNjnMyuq1SVMrWqbTKmtYZeJogfs23DEh root@ubuntu-xenial
ssh-rsa AAAAB3NzaC1yc2EAAAADAQABAAABAQCi7r48riS31sN/+eYKZPx/lxG1cJ6ILogRH/ekzdWN8yErGoiivoafMpxqRONXL7bEHy9S3iBbpFgOQC6NwWjqjtz52/oNyD+34KYj639ze0QMhZOmBJjlmNmjbsymFkXqI92MYUksnWeA//NNF32PZwjFDlJAqbi+m/DN4O4UNO3WOW/1lmvwo8ql0vrfJ8hfezwNljthoE6CYSWzBaNySXj67A8qxmXS5MRAF5hATu2N1qEkcLI6j7G3RQ+MKj8JUw4qc13KR4wo+VXNP6s7EY4Svsch22pmMJxKh4D1QgNGemVjpkz5IX0R6N4PKUApRVqkHg/KW+PiqYwC1txN root@ubuntu-xenial
-----END SSH HOST KEY KEYS-----
[   20.737004] cloud-init[1616]: Cloud-init v. 21.1-19-gbad84ad4-0ubuntu1~16.04.2 running 'modules:final' at Mon, 04 Jul 2022 00:38:02 +0000. Up 20.47 seconds.
[   20.740253] cloud-init[1616]: ci-info: no authorized SSH keys fingerprints found for user ubuntu.
[   20.741877] cloud-init[1616]: Cloud-init v. 21.1-19-gbad84ad4-0ubuntu1~16.04.2 finished at Mon, 04 Jul 2022 00:38:02 +0000. Datasource DataSourceNoCloud [seed=/dev/sdb][dsmode=net].  Up 20.71 seconds
